<?xml version="1.0" encoding="UTF-8"?>
<!-- Generated by org.testng.reporters.JUnitReportReporter -->
<testsuite hostname="Prabhakar_Gudi" failures="0" tests="4" name="com.sgtesting.tests.testcases.CalculatorTest" time="0.008" errors="0" timestamp="2024-01-14T21:18:06 IST" skipped="0">
  <testcase classname="com.sgtesting.tests.testcases.CalculatorTest" name="testMultiplyTwoPositiveNumbers" time="0.000"/>
  <testcase classname="com.sgtesting.tests.testcases.CalculatorTest" name="testAddTwoNegativeNumbers" time="0.007"/>
  <testcase classname="com.sgtesting.tests.testcases.CalculatorTest" name="testAddTwoPositiveNumbers" time="0.001"/>
  <testcase classname="com.sgtesting.tests.testcases.CalculatorTest" name="testMultiplyTwoNegativeNumbers" time="0.000"/>
</testsuite> <!-- com.sgtesting.tests.testcases.CalculatorTest -->
